{"meta": {"format": 2, "version": "7.4.1", "timestamp": "2024-02-15T17:54:15.406877", "branch_coverage": false, "show_contexts": false}, "files": {"specless/__init__.py": {"executed_lines": [1, 16, 22, 28, 33, 38, 39, 52, 58, 63, 77, 83], "summary": {"covered_lines": 12, "num_statements": 12, "percent_covered": 100.0, "percent_covered_display": "100", "missing_lines": 0, "excluded_lines": 0}, "missing_lines": [], "excluded_lines": []}, "specless/automaton/__init__.py": {"executed_lines": [1, 2, 3, 4, 5, 7, 8, 10, 11, 12, 13, 14, 15], "summary": {"covered_lines": 13, "num_statements": 13, "percent_covered": 100.0, "percent_covered_display": "100", "missing_lines": 0, "excluded_lines": 0}, "missing_lines": [], "excluded_lines": []}, "specless/automaton/base.py": {"executed_lines": [2, 3, 4, 5, 6, 7, 8, 9, 10, 12, 13, 14, 15, 16, 17, 18, 19, 20, 21, 22, 24, 33, 49, 52, 53, 54, 57, 58, 147, 148, 150, 173, 174, 176, 177, 180, 181, 184, 185, 187, 188, 190, 191, 193, 194, 196, 197, 199, 200, 202, 203, 205, 206, 208, 209, 211, 212, 214, 215, 218, 219, 221, 222, 224, 225, 227, 228, 231, 232, 236, 237, 240, 241, 245, 246, 249, 252, 253, 256, 258, 259, 261, 270, 286, 300, 328, 344, 345, 394, 489, 587, 598, 643, 782, 895, 946, 993, 994, 1034, 1035, 1039, 1040, 1042, 1044, 1047, 1048, 1050, 1053, 1054, 1057, 1058, 1060, 1062, 1066, 1067, 1071, 1075, 1076, 1077, 1079, 1081, 1082, 1091, 1133, 1138, 1139, 1141, 1147, 1149, 1150, 1151, 1154, 1158, 1159, 1163, 1164, 1165, 1167, 1168, 1177, 1180, 1194, 1205, 1209, 1212, 1216, 1218, 1251, 1266, 1267, 1270, 1277, 1278, 1279, 1280, 1294, 1296, 1335, 1336, 1337, 1338, 1343, 1344, 1346, 1347, 1350, 1351, 1353, 1364, 1368, 1369, 1370, 1375, 1379, 1389, 1390, 1396, 1407, 1408, 1411, 1413, 1415, 1549, 1567, 1587, 1636, 1649, 1652, 1662, 1665, 1669, 1670, 1671, 1673, 1675, 1691, 1706, 1707, 1708, 1709, 1710, 1712, 1714, 1752, 1753, 1773, 1806, 1807, 1809, 1811, 1812, 1814, 1819, 1821, 1826, 1828, 1834, 1835, 1836, 1837, 1839, 1842, 1843, 1844, 1846, 1850, 1851, 1852, 1853, 1855, 1856, 1857, 1859, 1861, 1863, 1874, 1875, 1879, 1881, 1882, 1886, 1888, 1889, 1891, 1893, 1895, 1910, 1911, 1913, 1915, 1922, 1924, 1941, 1942, 1944, 1945, 1947, 1965, 1966, 1968, 1970, 1972, 1994, 2028, 2051, 2053, 2054, 2055, 2059, 2060, 2061, 2065, 2066, 2067, 2069, 2072, 2080, 2082, 2083, 2088, 2091], "summary": {"covered_lines": 280, "num_statements": 618, "percent_covered": 45.30744336569579, "percent_covered_display": "45", "missing_lines": 338, "excluded_lines": 0}, "missing_lines": [278, 279, 281, 282, 283, 284, 294, 295, 297, 298, 313, 315, 316, 317, 318, 320, 321, 323, 325, 326, 336, 337, 339, 340, 341, 342, 370, 371, 373, 374, 375, 379, 381, 384, 386, 387, 388, 392, 432, 436, 439, 440, 441, 448, 449, 450, 455, 456, 458, 459, 461, 462, 463, 464, 465, 467, 469, 470, 471, 477, 479, 483, 485, 487, 526, 527, 528, 530, 531, 532, 533, 535, 539, 540, 541, 542, 544, 545, 549, 550, 552, 553, 555, 556, 561, 562, 564, 565, 572, 574, 575, 576, 578, 580, 581, 582, 583, 585, 596, 639, 641, 719, 720, 724, 727, 728, 730, 731, 733, 740, 741, 742, 744, 746, 747, 758, 761, 762, 772, 838, 839, 842, 844, 845, 846, 848, 850, 851, 852, 854, 863, 865, 866, 869, 870, 875, 876, 878, 893, 931, 936, 940, 941, 943, 944, 962, 964, 965, 970, 972, 973, 974, 975, 980, 982, 985, 987, 989, 991, 1045, 1051, 1063, 1064, 1089, 1134, 1155, 1169, 1176, 1181, 1184, 1187, 1190, 1226, 1228, 1229, 1231, 1232, 1233, 1235, 1236, 1237, 1238, 1239, 1240, 1242, 1244, 1245, 1247, 1248, 1249, 1281, 1282, 1283, 1284, 1285, 1290, 1355, 1356, 1360, 1361, 1362, 1371, 1372, 1373, 1377, 1380, 1391, 1392, 1394, 1400, 1466, 1468, 1469, 1473, 1475, 1476, 1480, 1481, 1482, 1486, 1487, 1488, 1493, 1494, 1496, 1501, 1502, 1503, 1506, 1507, 1508, 1509, 1510, 1511, 1514, 1515, 1518, 1522, 1523, 1524, 1526, 1527, 1528, 1537, 1539, 1543, 1544, 1545, 1547, 1561, 1562, 1563, 1565, 1579, 1581, 1582, 1583, 1585, 1604, 1605, 1606, 1607, 1609, 1610, 1611, 1612, 1614, 1615, 1616, 1618, 1619, 1620, 1622, 1623, 1624, 1625, 1627, 1629, 1630, 1631, 1632, 1634, 1653, 1654, 1655, 1656, 1657, 1659, 1660, 1666, 1667, 1683, 1684, 1685, 1686, 1687, 1689, 1726, 1727, 1728, 1729, 1731, 1736, 1741, 1742, 1748, 1750, 1768, 1769, 1771, 1815, 1816, 1817, 1822, 1823, 1824, 1847, 1848, 1883, 1884, 1916, 1920, 1989, 1990, 1992, 2014, 2015, 2017, 2019, 2026, 2081, 2085, 2086, 2101, 2102, 2103, 2104, 2106], "excluded_lines": []}, "specless/automaton/dfa.py": {"executed_lines": [2, 3, 4, 6, 9, 11, 12, 15, 16, 65, 97, 110, 111, 123, 207, 236, 237, 254, 275, 276, 280, 286, 290, 291, 293, 324], "summary": {"covered_lines": 23, "num_statements": 111, "percent_covered": 20.72072072072072, "percent_covered_display": "21", "missing_lines": 88, "excluded_lines": 0}, "missing_lines": [79, 82, 106, 107, 133, 134, 136, 138, 139, 140, 141, 144, 147, 148, 149, 152, 153, 156, 157, 158, 159, 161, 162, 164, 166, 169, 170, 171, 172, 174, 175, 176, 177, 181, 182, 184, 186, 187, 190, 191, 194, 195, 197, 198, 199, 200, 202, 203, 205, 222, 223, 226, 229, 234, 248, 252, 266, 267, 269, 270, 272, 314, 315, 317, 320, 322, 338, 340, 341, 342, 343, 345, 346, 348, 349, 350, 352, 356, 357, 358, 365, 366, 367, 371, 372, 374, 376, 378], "excluded_lines": []}, "specless/automaton/factory.py": {"executed_lines": [2, 4, 7, 8, 13], "summary": {"covered_lines": 4, "num_statements": 5, "percent_covered": 80.0, "percent_covered_display": "80", "missing_lines": 1, "excluded_lines": 0}, "missing_lines": [30], "excluded_lines": []}, "specless/automaton/fdfa.py": {"executed_lines": [2, 3, 5, 8, 9, 10, 13, 15, 16, 19, 20, 71, 101, 154, 155, 204, 205, 272, 273, 337, 345, 404, 442, 443, 447, 453, 457, 458, 460], "summary": {"covered_lines": 27, "num_statements": 159, "percent_covered": 16.9811320754717, "percent_covered_display": "17", "missing_lines": 132, "excluded_lines": 0}, "missing_lines": [83, 113, 114, 115, 118, 122, 123, 124, 125, 127, 132, 139, 140, 142, 143, 144, 145, 146, 148, 150, 152, 182, 184, 185, 187, 190, 193, 202, 228, 229, 231, 232, 233, 235, 238, 239, 240, 245, 249, 251, 252, 259, 260, 263, 264, 268, 270, 298, 299, 303, 304, 305, 307, 308, 310, 311, 313, 314, 316, 318, 319, 321, 323, 324, 325, 327, 331, 332, 333, 335, 343, 364, 365, 367, 374, 377, 378, 384, 390, 391, 392, 395, 396, 398, 399, 402, 416, 417, 418, 421, 423, 424, 425, 426, 428, 429, 430, 431, 432, 433, 435, 436, 437, 439, 495, 496, 497, 498, 499, 500, 501, 502, 503, 504, 506, 510, 512, 513, 514, 518, 519, 520, 523, 524, 526, 527, 528, 530, 533, 534, 536, 538], "excluded_lines": []}, "specless/automaton/mps.py": {"executed_lines": [2, 3, 4, 5, 6, 8, 9, 10, 13, 14, 16, 17, 18, 19, 22, 55, 125, 236, 397], "summary": {"covered_lines": 19, "num_statements": 141, "percent_covered": 13.47517730496454, "percent_covered_display": "13", "missing_lines": 122, "excluded_lines": 0}, "missing_lines": [44, 45, 46, 48, 50, 52, 84, 85, 88, 89, 93, 97, 98, 100, 103, 105, 107, 110, 111, 113, 114, 115, 117, 120, 122, 178, 179, 183, 184, 185, 187, 188, 189, 191, 192, 193, 194, 196, 197, 203, 204, 206, 208, 209, 213, 214, 215, 217, 218, 219, 221, 222, 223, 224, 225, 227, 317, 318, 320, 325, 326, 327, 329, 330, 331, 332, 334, 335, 337, 338, 339, 341, 342, 370, 371, 372, 374, 377, 378, 380, 381, 382, 390, 392, 394, 431, 433, 434, 436, 437, 438, 440, 443, 445, 446, 447, 450, 451, 453, 455, 456, 457, 459, 460, 461, 463, 464, 465, 467, 469, 473, 475, 476, 477, 478, 480, 481, 482, 485, 486, 487, 490], "excluded_lines": []}, "specless/automaton/pdfa.py": {"executed_lines": [1, 4, 5, 6, 7, 9, 12, 14, 15, 16, 17, 26, 28, 29, 32, 72, 73, 130, 177, 203, 235, 245, 261, 272, 312, 336, 369, 396, 421, 439, 467, 495, 528, 551, 589, 607, 608, 735, 736, 784, 785, 805, 806, 838, 839, 908, 909, 969, 970, 1015, 1016, 1020, 1026, 1030, 1031, 1033, 1071, 1127, 1177], "summary": {"covered_lines": 57, "num_statements": 349, "percent_covered": 16.332378223495702, "percent_covered_display": "16", "missing_lines": 292, "excluded_lines": 0}, "missing_lines": [47, 49, 50, 51, 52, 53, 55, 58, 60, 61, 65, 67, 69, 146, 147, 150, 151, 153, 156, 191, 193, 194, 199, 201, 215, 216, 217, 219, 220, 221, 225, 226, 227, 229, 231, 233, 243, 257, 259, 270, 308, 310, 334, 361, 363, 364, 365, 367, 394, 412, 414, 415, 416, 417, 419, 437, 457, 458, 460, 461, 462, 463, 464, 465, 485, 486, 488, 489, 490, 491, 492, 493, 512, 513, 515, 516, 517, 521, 523, 524, 526, 539, 542, 543, 544, 547, 549, 552, 553, 555, 556, 557, 559, 560, 562, 563, 564, 565, 567, 568, 571, 572, 573, 574, 575, 576, 577, 578, 580, 598, 600, 601, 603, 605, 622, 623, 625, 627, 628, 629, 630, 633, 636, 637, 638, 641, 642, 645, 646, 647, 648, 650, 651, 653, 655, 656, 657, 660, 661, 662, 663, 665, 666, 667, 668, 672, 673, 675, 678, 679, 681, 683, 684, 687, 688, 692, 705, 717, 719, 720, 721, 722, 724, 725, 726, 728, 729, 733, 751, 752, 755, 756, 757, 758, 761, 763, 765, 768, 770, 776, 777, 780, 782, 797, 798, 800, 801, 803, 824, 825, 827, 828, 834, 836, 883, 886, 889, 890, 892, 893, 894, 896, 897, 898, 900, 902, 904, 906, 949, 950, 951, 952, 954, 955, 956, 957, 958, 959, 961, 963, 965, 967, 983, 985, 986, 987, 988, 991, 992, 993, 994, 995, 996, 998, 999, 1001, 1002, 1004, 1007, 1008, 1009, 1010, 1012, 1054, 1055, 1056, 1057, 1058, 1059, 1060, 1061, 1063, 1067, 1069, 1085, 1087, 1088, 1089, 1091, 1092, 1094, 1095, 1096, 1098, 1102, 1103, 1104, 1111, 1112, 1113, 1114, 1118, 1119, 1121, 1123, 1125, 1150, 1154, 1155, 1157, 1175, 1193, 1195, 1196, 1198, 1199, 1201, 1202, 1203, 1204, 1206, 1208], "excluded_lines": []}, "specless/automaton/product.py": {"executed_lines": [1, 2, 3, 4, 5, 6, 7, 9, 10, 13, 15, 16, 17, 18, 28, 31, 33, 34, 37, 39, 93, 137, 189, 412, 423, 442, 443, 479, 480, 523, 524, 596, 597, 617, 618, 634, 635, 683, 684, 763, 764, 810, 811, 815, 821, 825, 826, 828, 867], "summary": {"covered_lines": 47, "num_statements": 256, "percent_covered": 18.359375, "percent_covered_display": "18", "missing_lines": 209, "excluded_lines": 0}, "missing_lines": [111, 112, 114, 117, 155, 160, 161, 166, 168, 170, 171, 180, 184, 185, 187, 282, 283, 287, 289, 290, 298, 299, 301, 302, 303, 305, 309, 310, 312, 320, 322, 323, 325, 329, 331, 332, 338, 339, 348, 349, 360, 361, 362, 363, 364, 367, 370, 371, 375, 376, 378, 379, 381, 382, 384, 385, 386, 388, 390, 391, 394, 395, 397, 399, 401, 402, 404, 405, 406, 408, 410, 421, 433, 435, 436, 438, 440, 459, 460, 466, 468, 477, 493, 495, 496, 497, 498, 499, 501, 502, 503, 506, 507, 511, 515, 521, 537, 538, 539, 541, 542, 543, 545, 546, 548, 549, 550, 552, 553, 555, 556, 557, 559, 560, 562, 563, 564, 565, 567, 568, 569, 570, 571, 573, 589, 590, 591, 592, 594, 609, 610, 612, 613, 615, 627, 629, 630, 632, 663, 664, 666, 667, 675, 676, 677, 679, 681, 738, 741, 744, 745, 747, 748, 749, 751, 752, 753, 755, 757, 759, 761, 771, 773, 774, 775, 776, 779, 780, 781, 782, 783, 784, 785, 787, 788, 789, 791, 792, 793, 795, 796, 797, 799, 802, 803, 804, 805, 807, 852, 853, 854, 855, 859, 863, 865, 899, 901, 904, 905, 907, 909, 913, 914, 916, 917, 918, 919, 921, 923], "excluded_lines": []}, "specless/automaton/transition_system.py": {"executed_lines": [1, 2, 3, 5, 7, 8, 9, 11, 25, 28, 29, 61, 74, 92, 114, 123, 125, 169, 175, 178, 179, 219, 220, 222, 223, 226, 227, 229, 230, 232, 235, 242, 243, 246, 262, 284, 299, 370, 371, 375, 381, 385, 386, 388, 410, 413, 414, 415, 423, 424, 425, 427, 431, 432, 436, 437, 441, 448, 452, 453, 454, 455, 457, 459, 461, 464, 465, 467, 469], "summary": {"covered_lines": 66, "num_statements": 127, "percent_covered": 51.968503937007874, "percent_covered_display": "52", "missing_lines": 61, "excluded_lines": 0}, "missing_lines": [107, 110, 112, 142, 143, 145, 146, 147, 149, 150, 151, 154, 155, 160, 162, 163, 165, 167, 247, 249, 258, 260, 282, 289, 292, 293, 295, 297, 310, 311, 313, 315, 316, 321, 323, 324, 325, 326, 331, 333, 340, 342, 351, 355, 356, 357, 365, 367, 411, 412, 417, 421, 434, 439, 470, 472, 473, 474, 476, 477, 479], "excluded_lines": []}, "specless/automaton/types.py": {"executed_lines": [1, 5, 6, 8, 9, 10, 11, 12, 14, 15, 16, 17, 18, 20, 21, 22], "summary": {"covered_lines": 16, "num_statements": 16, "percent_covered": 100.0, "percent_covered_display": "100", "missing_lines": 0, "excluded_lines": 0}, "missing_lines": [], "excluded_lines": []}, "specless/automaton/utils.py": {"executed_lines": [1, 3, 6, 7, 12, 15, 18, 21, 25, 26, 31, 34, 37, 40, 43, 47, 48, 53, 56, 59, 63, 67, 71, 80], "summary": {"covered_lines": 21, "num_statements": 45, "percent_covered": 46.666666666666664, "percent_covered_display": "47", "missing_lines": 24, "excluded_lines": 0}, "missing_lines": [13, 16, 19, 22, 32, 35, 38, 41, 44, 54, 57, 60, 64, 68, 72, 73, 74, 75, 77, 81, 82, 83, 84, 86], "excluded_lines": []}, "specless/const.py": {"executed_lines": [1, 4, 18, 20, 28, 29, 30], "summary": {"covered_lines": 7, "num_statements": 7, "percent_covered": 100.0, "percent_covered_display": "100", "missing_lines": 0, "excluded_lines": 0}, "missing_lines": [], "excluded_lines": []}, "specless/dataset.py": {"executed_lines": [1, 54, 55, 56, 58, 59, 60, 62, 65, 66, 68, 69, 71, 72, 73, 75, 76, 77, 79, 80, 81, 83, 84, 86, 87, 88, 90, 93, 94, 97, 100, 101, 103, 122, 126, 127, 129, 130, 136, 139, 140, 145], "summary": {"covered_lines": 39, "num_statements": 42, "percent_covered": 92.85714285714286, "percent_covered_display": "93", "missing_lines": 3, "excluded_lines": 0}, "missing_lines": [123, 146, 147], "excluded_lines": []}, "specless/factory/__init__.py": {"executed_lines": [1, 2, 3], "summary": {"covered_lines": 3, "num_statements": 3, "percent_covered": 100.0, "percent_covered_display": "100", "missing_lines": 0, "excluded_lines": 0}, "missing_lines": [], "excluded_lines": []}, "specless/factory/builder.py": {"executed_lines": [2, 3, 6, 7, 13, 18, 19, 21, 22, 37, 38], "summary": {"covered_lines": 10, "num_statements": 14, "percent_covered": 71.42857142857143, "percent_covered_display": "71", "missing_lines": 4, "excluded_lines": 0}, "missing_lines": [35, 49, 50, 52], "excluded_lines": []}, "specless/factory/object_factory.py": {"executed_lines": [2, 5, 6, 11, 16, 18, 33, 35], "summary": {"covered_lines": 7, "num_statements": 11, "percent_covered": 63.63636363636363, "percent_covered_display": "64", "missing_lines": 4, "excluded_lines": 0}, "missing_lines": [54, 56, 57, 59], "excluded_lines": []}, "specless/factory/tspbuilder.py": {"executed_lines": [1, 27, 28, 29, 31, 32, 33, 35, 36, 37, 38, 39, 42, 43, 45, 53, 55, 56, 58, 59, 61, 62, 64, 65, 67, 69, 73, 86, 88, 89, 93, 95, 97, 100, 101, 105, 111, 112, 113, 114, 115, 116, 117, 118, 120, 121, 122, 124, 125, 128, 129, 130, 131, 133, 135, 136, 137, 138, 139, 141, 142, 144, 146, 147, 154, 157, 159, 178, 181, 183, 184, 185, 186, 187, 188, 191, 194, 198, 200, 201, 202, 204, 206, 207, 208, 209, 211, 213, 214, 215, 216, 217, 218, 220, 222, 226, 227, 228, 231, 232, 234, 236, 237, 238, 242, 243, 245, 246, 247, 249, 251, 252, 253, 254, 255, 256, 259, 260, 262, 270, 273, 275, 277, 288, 291, 294, 295, 297, 298, 299, 304, 306, 307, 308, 320], "summary": {"covered_lines": 132, "num_statements": 166, "percent_covered": 79.51807228915662, "percent_covered_display": "80", "missing_lines": 34, "excluded_lines": 0}, "missing_lines": [91, 92, 98, 106, 107, 126, 148, 149, 150, 151, 160, 161, 162, 163, 165, 167, 168, 169, 170, 171, 172, 175, 189, 229, 240, 300, 301, 302, 309, 310, 311, 313, 314, 315], "excluded_lines": []}, "specless/inference/__init__.py": {"executed_lines": [1, 2, 3, 4], "summary": {"covered_lines": 4, "num_statements": 4, "percent_covered": 100.0, "percent_covered_display": "100", "missing_lines": 0, "excluded_lines": 0}, "missing_lines": [], "excluded_lines": []}, "specless/inference/base.py": {"executed_lines": [1, 12, 13, 15, 16, 19, 20, 24, 25, 26, 28, 29], "summary": {"covered_lines": 10, "num_statements": 11, "percent_covered": 90.9090909090909, "percent_covered_display": "91", "missing_lines": 1, "excluded_lines": 0}, "missing_lines": [30], "excluded_lines": []}, "specless/inference/edsm.py": {"executed_lines": [1, 11, 12, 13, 14, 15, 16, 18, 19, 21, 22, 23, 26, 27, 35, 65, 155, 173, 181, 189, 190, 198, 199, 207, 208, 220, 221, 233, 234, 247, 248, 260, 278, 301, 319, 339], "summary": {"covered_lines": 34, "num_statements": 154, "percent_covered": 22.07792207792208, "percent_covered_display": "22", "missing_lines": 120, "excluded_lines": 0}, "missing_lines": [45, 46, 47, 48, 49, 50, 51, 52, 53, 55, 56, 57, 58, 59, 60, 61, 62, 63, 93, 94, 95, 97, 98, 100, 101, 103, 105, 108, 109, 110, 111, 112, 113, 115, 116, 117, 118, 121, 123, 124, 125, 126, 127, 129, 130, 132, 134, 135, 137, 139, 140, 141, 143, 144, 145, 146, 148, 149, 150, 152, 153, 162, 164, 165, 167, 168, 169, 170, 171, 178, 179, 186, 187, 192, 196, 205, 215, 216, 218, 227, 228, 230, 231, 242, 243, 245, 254, 255, 257, 258, 270, 271, 273, 274, 276, 289, 290, 294, 295, 297, 299, 311, 312, 313, 315, 317, 332, 333, 334, 336, 337, 350, 351, 355, 356, 358, 359, 361, 362, 364], "excluded_lines": []}, "specless/inference/partial_order.py": {"executed_lines": [1, 11, 12, 14, 15, 16, 17, 20, 21, 22, 24, 25, 26, 27, 30, 31, 32, 33, 34, 35, 36, 37, 38, 39, 41, 46, 47, 48, 51, 52, 53, 54, 56, 63], "summary": {"covered_lines": 33, "num_statements": 33, "percent_covered": 100.0, "percent_covered_display": "100", "missing_lines": 0, "excluded_lines": 0}, "missing_lines": [], "excluded_lines": []}, "specless/inference/timed_partial_order.py": {"executed_lines": [1, 11, 12, 13, 14, 15, 16, 18, 19, 20, 22, 23, 24, 25, 26, 27, 28, 37, 38, 44, 47, 48, 49, 50, 51, 52, 54, 81, 82, 85, 86, 89, 90, 91, 93, 97, 99, 141, 142, 144, 145, 147, 148, 149, 151, 152, 153, 155, 156, 158, 160, 161, 162, 164, 166, 169, 170, 171, 172, 175, 176, 177, 178, 180, 181, 186, 187, 195, 199, 201, 209, 211, 213, 214, 247, 248, 250, 251, 253, 255, 258, 260, 261, 263, 272, 274, 275, 279, 284, 288, 289, 290, 291, 292, 293, 294, 295, 296, 297, 298, 299, 301, 304, 306, 307, 311, 316, 320, 321, 322, 323, 324, 325, 326, 327, 328, 329, 330, 331, 332, 333, 337, 341, 343, 344, 375, 376, 390, 398, 399, 402, 405, 409, 410, 411, 413, 414, 415, 417, 418, 421, 425, 426, 431, 434, 439, 441, 444, 445, 446, 447, 449, 450, 451, 452, 454, 456, 459, 461, 462, 463, 465, 469, 470, 473, 475, 476, 477, 479, 483, 484, 485, 487, 488, 489, 490, 491, 492, 494, 502, 503, 504, 505, 507, 508, 509, 510, 511, 512, 513, 514, 516, 520, 521, 523, 524, 525, 527, 529, 530, 532, 534, 536, 537, 538, 539, 541, 545, 546, 547, 549, 550, 552, 554, 556, 558, 560, 562, 563, 564, 566, 568, 570, 571, 573, 575, 583, 585, 587, 590, 592, 594, 595, 596, 598, 602, 604, 605, 606, 607, 608, 610, 611, 613, 614, 615, 617, 624, 625, 629, 630, 632, 633, 634, 636, 653, 654, 656, 657, 659, 660, 662, 670, 671, 673, 680, 681, 685, 686, 688, 689, 692, 693, 694, 695, 697, 698, 699, 700, 701, 702, 703, 705, 706, 707, 708, 709, 710, 711, 714, 717], "summary": {"covered_lines": 288, "num_statements": 348, "percent_covered": 82.75862068965517, "percent_covered_display": "83", "missing_lines": 60, "excluded_lines": 0}, "missing_lines": [182, 189, 212, 215, 216, 217, 220, 223, 224, 225, 226, 229, 234, 235, 238, 245, 265, 268, 270, 280, 281, 282, 312, 313, 314, 348, 349, 350, 352, 353, 355, 356, 358, 359, 361, 363, 364, 365, 366, 369, 370, 371, 372, 457, 471, 561, 569, 572, 577, 578, 579, 580, 581, 586, 588, 626, 682, 683, 690, 715], "excluded_lines": []}, "specless/io.py": {"executed_lines": [1, 2, 4, 5, 6, 7, 8, 11, 21, 44, 67, 90, 133, 149, 184], "summary": {"covered_lines": 15, "num_statements": 114, "percent_covered": 13.157894736842104, "percent_covered_display": "13", "missing_lines": 99, "excluded_lines": 0}, "missing_lines": [18, 28, 29, 30, 31, 32, 33, 34, 35, 36, 37, 38, 39, 40, 41, 51, 52, 53, 54, 55, 56, 57, 58, 59, 60, 61, 62, 63, 64, 73, 74, 75, 76, 78, 79, 80, 81, 82, 84, 85, 86, 87, 105, 106, 107, 108, 109, 110, 111, 112, 114, 115, 116, 118, 120, 121, 122, 124, 125, 127, 129, 130, 139, 140, 141, 142, 143, 144, 146, 150, 151, 152, 153, 154, 155, 156, 157, 159, 160, 161, 162, 163, 164, 165, 166, 167, 168, 170, 171, 172, 173, 174, 175, 176, 177, 178, 179, 181, 191], "excluded_lines": []}, "specless/parser.py": {"executed_lines": [1, 2, 3, 5, 9, 10, 14, 17], "summary": {"covered_lines": 7, "num_statements": 24, "percent_covered": 29.166666666666668, "percent_covered_display": "29", "missing_lines": 17, "excluded_lines": 0}, "missing_lines": [15, 29, 30, 31, 32, 33, 35, 37, 39, 40, 41, 42, 44, 45, 46, 47, 49], "excluded_lines": []}, "specless/specification/__init__.py": {"executed_lines": [1, 2, 3, 4, 5, 6], "summary": {"covered_lines": 6, "num_statements": 6, "percent_covered": 100.0, "percent_covered_display": "100", "missing_lines": 0, "excluded_lines": 0}, "missing_lines": [], "excluded_lines": []}, "specless/specification/base.py": {"executed_lines": [1, 2, 4, 7, 8, 14, 15, 17, 18, 33, 34, 36], "summary": {"covered_lines": 10, "num_statements": 12, "percent_covered": 83.33333333333333, "percent_covered_display": "83", "missing_lines": 2, "excluded_lines": 0}, "missing_lines": [30, 37], "excluded_lines": []}, "specless/specification/dfa.py": {"executed_lines": [1, 3, 6, 7, 9, 12], "summary": {"covered_lines": 5, "num_statements": 7, "percent_covered": 71.42857142857143, "percent_covered_display": "71", "missing_lines": 2, "excluded_lines": 0}, "missing_lines": [10, 24], "excluded_lines": []}, "specless/specification/multispec.py": {"executed_lines": [1, 3, 6, 7, 11, 15], "summary": {"covered_lines": 5, "num_statements": 8, "percent_covered": 62.5, "percent_covered_display": "62", "missing_lines": 3, "excluded_lines": 0}, "missing_lines": [12, 13, 27], "excluded_lines": []}, "specless/specification/partial_order.py": {"executed_lines": [1, 2, 3, 5, 7, 10, 11, 13, 14, 16, 17, 38, 50, 51, 52, 53, 54, 56, 57, 62, 63, 65, 88], "summary": {"covered_lines": 22, "num_statements": 66, "percent_covered": 33.333333333333336, "percent_covered_display": "33", "missing_lines": 44, "excluded_lines": 0}, "missing_lines": [18, 19, 20, 21, 22, 23, 25, 26, 28, 30, 32, 34, 36, 66, 67, 68, 69, 70, 71, 73, 74, 75, 76, 77, 79, 80, 81, 82, 84, 89, 91, 93, 94, 95, 96, 98, 99, 100, 101, 102, 104, 105, 106, 107], "excluded_lines": []}, "specless/specification/pdfa.py": {"executed_lines": [1, 3, 6, 7, 9, 12], "summary": {"covered_lines": 5, "num_statements": 7, "percent_covered": 71.42857142857143, "percent_covered_display": "71", "missing_lines": 2, "excluded_lines": 0}, "missing_lines": [10, 24], "excluded_lines": []}, "specless/specification/timed_partial_order.py": {"executed_lines": [1, 2, 3, 4, 5, 7, 8, 10, 12, 18, 19, 21, 22, 23, 24, 27, 31, 32, 50, 52, 53, 55, 58, 59, 61, 63, 64, 66, 70, 72, 74, 77, 78, 80, 84, 86, 88, 90, 91, 92, 94, 132, 167, 177, 236, 313, 331, 428, 432, 443, 444, 446, 447, 448, 449, 450, 452, 458, 459, 460, 461, 463, 464, 465, 466, 467, 468, 472, 475, 485, 488, 489, 490, 491, 492, 494, 495, 496, 498, 499, 500, 501, 503, 504, 505, 506, 508], "summary": {"covered_lines": 86, "num_statements": 255, "percent_covered": 33.72549019607843, "percent_covered_display": "34", "missing_lines": 169, "excluded_lines": 0}, "missing_lines": [56, 71, 73, 75, 85, 87, 89, 104, 110, 112, 114, 115, 116, 117, 120, 122, 123, 124, 125, 126, 129, 130, 141, 142, 144, 145, 146, 147, 149, 150, 153, 157, 159, 160, 161, 162, 163, 165, 171, 172, 173, 174, 175, 186, 187, 188, 189, 190, 191, 192, 193, 195, 197, 198, 204, 205, 206, 208, 209, 210, 215, 220, 221, 222, 223, 226, 227, 228, 230, 232, 233, 234, 237, 238, 239, 240, 242, 243, 245, 250, 257, 265, 270, 277, 287, 288, 291, 292, 293, 295, 296, 298, 299, 300, 301, 302, 303, 304, 305, 307, 308, 309, 311, 314, 316, 317, 318, 319, 320, 321, 322, 324, 325, 326, 327, 328, 339, 341, 344, 345, 349, 352, 354, 355, 356, 357, 360, 362, 364, 366, 368, 373, 374, 375, 377, 378, 381, 382, 383, 384, 385, 386, 387, 388, 391, 392, 394, 396, 397, 398, 399, 403, 404, 405, 406, 407, 409, 410, 411, 414, 416, 418, 419, 420, 422, 424, 425, 429, 486], "excluded_lines": []}, "specless/strategy.py": {"executed_lines": [1, 2, 4, 7, 8, 10, 11, 13, 14, 17, 18, 22, 23, 25, 28, 31, 35, 36, 38, 39, 40, 41, 43, 44, 46, 47, 49, 50, 51, 54, 55, 57, 60, 64, 65, 67, 70, 74, 75, 79, 80, 83, 84, 88, 91, 95, 96, 100, 104, 107], "summary": {"covered_lines": 42, "num_statements": 58, "percent_covered": 72.41379310344827, "percent_covered_display": "72", "missing_lines": 16, "excluded_lines": 0}, "missing_lines": [15, 19, 26, 29, 32, 48, 58, 61, 68, 71, 89, 92, 101, 102, 105, 108], "excluded_lines": []}, "specless/synthesis.py": {"executed_lines": [1, 2, 4, 5, 7, 8, 9, 10, 11, 16, 17, 18, 21, 22, 24, 25, 27, 43, 44, 46, 50, 66, 67, 69, 70, 72, 90, 91, 92, 98, 99, 102, 104, 107, 111, 115, 116, 119, 122, 123, 125, 129], "summary": {"covered_lines": 38, "num_statements": 47, "percent_covered": 80.85106382978724, "percent_covered_display": "81", "missing_lines": 9, "excluded_lines": 0}, "missing_lines": [40, 47, 48, 63, 112, 118, 126, 127, 142], "excluded_lines": []}, "specless/tsp/__init__.py": {"executed_lines": [1, 11], "summary": {"covered_lines": 2, "num_statements": 2, "percent_covered": 100.0, "percent_covered_display": "100", "missing_lines": 0, "excluded_lines": 0}, "missing_lines": [], "excluded_lines": []}, "specless/tsp/solver/__init__.py": {"executed_lines": [1, 2, 3, 4], "summary": {"covered_lines": 4, "num_statements": 4, "percent_covered": 100.0, "percent_covered_display": "100", "missing_lines": 0, "excluded_lines": 0}, "missing_lines": [], "excluded_lines": []}, "specless/tsp/solver/base.py": {"executed_lines": [1, 2, 5, 6, 7, 11, 12, 13], "summary": {"covered_lines": 8, "num_statements": 10, "percent_covered": 80.0, "percent_covered_display": "80", "missing_lines": 2, "excluded_lines": 0}, "missing_lines": [8, 14], "excluded_lines": []}, "specless/tsp/solver/lk.py": {"executed_lines": [1, 3, 5, 8, 9, 12, 30, 31, 36], "summary": {"covered_lines": 9, "num_statements": 19, "percent_covered": 47.36842105263158, "percent_covered_display": "47", "missing_lines": 10, "excluded_lines": 0}, "missing_lines": [10, 21, 22, 24, 26, 34, 44, 45, 47, 49], "excluded_lines": []}, "specless/tsp/solver/milp.py": {"executed_lines": [1, 29, 30, 31, 32, 34, 35, 37, 39, 41, 44, 47, 48, 51, 71, 79, 99, 102, 188, 189, 192, 194, 197, 198, 199, 201, 203, 205, 207, 208, 209, 211, 213, 215, 218, 220, 221, 222, 224, 225, 226, 227, 228, 229, 230, 231, 232, 233, 234, 235, 236, 237, 238, 240, 241, 244, 245, 247, 254, 258, 259, 262, 263, 264, 267, 274, 278, 279, 280, 281, 282, 284, 285, 289, 290, 292, 293, 296, 299, 306, 314, 319, 326, 334, 343, 344, 354, 355, 357, 361, 362, 363, 364, 366, 367, 368, 371], "summary": {"covered_lines": 96, "num_statements": 186, "percent_covered": 51.61290322580645, "percent_covered_display": "52", "missing_lines": 90, "excluded_lines": 0}, "missing_lines": [49, 53, 55, 58, 60, 62, 64, 65, 66, 68, 69, 73, 75, 76, 77, 80, 81, 82, 83, 84, 85, 86, 87, 88, 89, 90, 91, 92, 93, 95, 96, 97, 100, 109, 111, 112, 114, 116, 117, 118, 121, 122, 123, 124, 128, 131, 132, 133, 134, 135, 137, 138, 142, 143, 145, 146, 149, 152, 161, 162, 171, 172, 174, 175, 176, 178, 179, 180, 181, 183, 184, 185, 242, 261, 268, 269, 270, 358, 359, 373, 374, 376, 378, 380, 387, 388, 389, 390, 391, 392], "excluded_lines": []}, "specless/tsp/solver/ortools.py": {"executed_lines": [1, 3, 4, 6, 8, 10, 12, 23, 24, 31, 32, 33, 34, 35, 37, 39, 40, 41, 42, 43, 45, 53, 54, 58, 61, 66, 69, 72, 73, 74, 76, 79, 82, 84, 86, 89, 91, 95, 97, 98, 100, 104, 105, 106, 107, 108, 109, 110, 111, 112, 113, 114, 115, 116, 119, 120, 127, 128, 129, 130, 131, 133, 135, 136, 137, 138, 145, 153, 154, 155, 157, 165, 166, 171, 174, 179, 182, 185, 186, 187, 189, 192, 195, 197, 198, 205, 207, 208, 209, 210, 211, 214, 215, 216, 217, 218, 219, 224, 231, 232, 233, 234, 240, 241, 244, 247, 250, 252, 255, 258, 260, 265, 268, 270, 271, 284, 286, 287, 289, 293, 294, 295, 296, 297, 298, 299, 300, 301, 302, 303, 304, 305, 306, 307, 308, 309, 312], "summary": {"covered_lines": 137, "num_statements": 156, "percent_covered": 87.82051282051282, "percent_covered_display": "88", "missing_lines": 19, "excluded_lines": 0}, "missing_lines": [56, 85, 87, 90, 92, 168, 253, 256, 259, 261, 285, 314, 316, 323, 324, 325, 326, 327, 328], "excluded_lines": []}, "specless/tsp/tsp.py": {"executed_lines": [1, 25, 26, 27, 28, 30, 32, 35, 36, 43, 44, 45, 46, 47, 48, 49, 51, 58, 59, 60, 61, 62, 63, 64, 65, 66, 67, 68, 72, 85, 86, 88, 94, 97, 98, 100, 111, 112, 142, 143, 146, 157, 168, 169, 171, 178, 179, 180, 182, 183, 184, 185, 186, 188, 192], "summary": {"covered_lines": 50, "num_statements": 117, "percent_covered": 42.73504273504273, "percent_covered_display": "43", "missing_lines": 67, "excluded_lines": 0}, "missing_lines": [73, 74, 75, 76, 77, 78, 79, 80, 81, 82, 107, 108, 109, 113, 114, 116, 117, 120, 123, 124, 125, 126, 129, 130, 131, 132, 133, 134, 135, 136, 137, 138, 140, 144, 147, 148, 149, 150, 151, 152, 153, 154, 155, 158, 159, 160, 161, 162, 163, 164, 165, 189, 194, 195, 197, 199, 201, 208, 210, 211, 212, 215, 216, 217, 218, 221, 222], "excluded_lines": []}, "specless/typing.py": {"executed_lines": [1, 2, 4, 5, 6, 8, 9, 10, 11, 12, 13, 14, 16, 17, 19, 20, 21, 22, 23, 24, 25, 26, 27, 28, 29, 30, 31, 32, 33, 34], "summary": {"covered_lines": 30, "num_statements": 30, "percent_covered": 100.0, "percent_covered_display": "100", "missing_lines": 0, "excluded_lines": 0}, "missing_lines": [], "excluded_lines": []}, "specless/utils/__init__.py": {"executed_lines": [1, 2], "summary": {"covered_lines": 2, "num_statements": 2, "percent_covered": 100.0, "percent_covered_display": "100", "missing_lines": 0, "excluded_lines": 0}, "missing_lines": [], "excluded_lines": []}, "specless/utils/benchmark.py": {"executed_lines": [1, 2, 3, 4, 5, 6, 8, 11, 12, 30], "summary": {"covered_lines": 10, "num_statements": 35, "percent_covered": 28.571428571428573, "percent_covered_display": "29", "missing_lines": 25, "excluded_lines": 0}, "missing_lines": [14, 15, 17, 19, 20, 21, 23, 24, 25, 27, 28, 37, 38, 40, 41, 43, 44, 45, 47, 48, 49, 51, 53, 54, 55], "excluded_lines": []}, "specless/utils/collect_demos.py": {"executed_lines": [1, 2, 3, 5, 6, 9, 15, 17, 18, 19, 32, 36, 37, 38, 40, 41, 42, 43, 44, 45, 46, 48, 49, 51, 52, 53, 54, 57, 67, 68, 70, 71, 72, 74, 76, 79, 80, 82, 84, 87, 88, 89, 92, 94, 100, 105, 112, 113, 115, 116, 117, 118, 119, 120, 121, 122, 123, 125, 127], "summary": {"covered_lines": 59, "num_statements": 69, "percent_covered": 85.5072463768116, "percent_covered_display": "86", "missing_lines": 10, "excluded_lines": 0}, "missing_lines": [20, 21, 23, 24, 73, 75, 77, 90, 95, 98], "excluded_lines": []}, "specless/wrapper/__init__.py": {"executed_lines": [1, 8, 12, 13, 14, 15, 16], "summary": {"covered_lines": 7, "num_statements": 7, "percent_covered": 100.0, "percent_covered_display": "100", "missing_lines": 0, "excluded_lines": 0}, "missing_lines": [], "excluded_lines": []}, "specless/wrapper/actionwrapper.py": {"executed_lines": [1, 2, 4, 5, 7, 10, 12, 13, 14, 15, 16, 17, 18, 19, 20, 23, 36, 38, 39, 40, 41, 44, 52, 54, 55, 56, 57, 60, 68, 69, 75, 77, 78, 80, 81, 83, 84, 87, 90, 94, 95, 96, 100, 102, 105, 108, 109, 111, 112, 113, 114, 115, 116, 119, 121, 124, 126, 128, 129, 130, 133, 135, 138, 139, 141, 142, 143, 145, 164, 227, 244], "summary": {"covered_lines": 71, "num_statements": 130, "percent_covered": 54.61538461538461, "percent_covered_display": "55", "missing_lines": 59, "excluded_lines": 0}, "missing_lines": [117, 131, 146, 148, 150, 151, 153, 154, 157, 160, 165, 166, 170, 173, 176, 179, 180, 181, 182, 185, 186, 189, 190, 191, 192, 193, 194, 195, 196, 199, 200, 201, 202, 203, 204, 207, 208, 209, 210, 211, 214, 215, 216, 219, 220, 223, 225, 230, 232, 234, 236, 237, 239, 241, 246, 247, 250, 253, 257], "excluded_lines": []}, "specless/wrapper/labelwrapper.py": {"executed_lines": [1, 21, 23, 24, 26, 29, 30, 31, 32, 33, 35, 44, 45, 46, 47, 48, 50, 52, 54, 55, 57, 59, 61, 62, 63, 64, 65, 67, 68, 69, 70, 71, 74, 75, 78, 79, 80, 82, 91, 92, 93, 95, 96, 98, 99, 100, 101, 103, 104, 105, 106], "summary": {"covered_lines": 50, "num_statements": 50, "percent_covered": 100.0, "percent_covered_display": "100", "missing_lines": 0, "excluded_lines": 0}, "missing_lines": [], "excluded_lines": []}, "specless/wrapper/minigridwrapper.py": {"executed_lines": [1, 49, 51, 52, 54, 59, 64, 68, 71, 72, 96, 98, 114, 116, 117, 121, 126, 127, 129, 132, 135, 139, 140, 142, 153, 154, 155, 158, 172, 174, 175, 177, 179, 180, 182, 183, 185, 186, 187, 189, 190, 191, 193, 195, 196, 198, 200, 201, 203, 215], "summary": {"covered_lines": 48, "num_statements": 49, "percent_covered": 97.95918367346938, "percent_covered_display": "98", "missing_lines": 1, "excluded_lines": 0}, "missing_lines": [156], "excluded_lines": []}, "specless/wrapper/multiagentwrapper.py": {"executed_lines": [1, 2, 4, 6, 9, 10, 13], "summary": {"covered_lines": 7, "num_statements": 24, "percent_covered": 29.166666666666668, "percent_covered_display": "29", "missing_lines": 17, "excluded_lines": 0}, "missing_lines": [11, 14, 16, 17, 18, 19, 20, 21, 22, 23, 24, 25, 26, 27, 28, 29, 31], "excluded_lines": []}, "specless/wrapper/selectstatewrapper.py": {"executed_lines": [1, 3, 5, 6, 9, 10, 11, 13, 14, 15, 17, 19, 21, 22, 23, 25, 28, 29, 30], "summary": {"covered_lines": 18, "num_statements": 18, "percent_covered": 100.0, "percent_covered_display": "100", "missing_lines": 0, "excluded_lines": 0}, "missing_lines": [], "excluded_lines": []}, "specless/wrapper/terminatewrapper.py": {"executed_lines": [1, 4, 5, 8], "summary": {"covered_lines": 4, "num_statements": 8, "percent_covered": 50.0, "percent_covered_display": "50", "missing_lines": 4, "excluded_lines": 0}, "missing_lines": [6, 9, 10, 11], "excluded_lines": []}, "specless/wrapper/tswrapper.py": {"executed_lines": [1, 49, 50, 51, 53, 54, 56, 59, 60, 65, 67, 68, 69, 71, 72, 75, 76, 79, 80, 83, 84, 87, 88, 91, 94, 107, 118, 133, 136, 138, 139, 144, 146, 148, 172, 174, 175, 176, 178, 179, 181, 182, 183, 184, 185, 187, 189, 191, 193, 196, 197, 204, 206, 208, 210, 211, 212, 213, 214, 215, 217, 219, 227, 228, 230, 232, 233, 236, 238, 240, 242, 243, 244, 245, 247, 248, 249, 257, 259, 261, 267, 272, 273, 274, 278, 280, 282, 297, 300, 301, 302, 303, 304, 305, 306, 308, 309, 310, 312, 313, 314, 317, 318, 320, 321, 322, 323, 324, 325, 327], "summary": {"covered_lines": 108, "num_statements": 121, "percent_covered": 89.25619834710744, "percent_covered_display": "89", "missing_lines": 13, "excluded_lines": 0}, "missing_lines": [73, 77, 81, 85, 89, 92, 103, 105, 115, 116, 216, 268, 270], "excluded_lines": []}, "tests/automaton/__init__.py": {"executed_lines": [1], "summary": {"covered_lines": 0, "num_statements": 0, "percent_covered": 100.0, "percent_covered_display": "100", "missing_lines": 0, "excluded_lines": 0}, "missing_lines": [], "excluded_lines": []}, "tests/automaton/test_transition_system.py": {"executed_lines": [2, 3, 5, 6, 9, 10, 11, 13, 14, 15, 19, 20, 24, 25, 29, 30], "summary": {"covered_lines": 16, "num_statements": 16, "percent_covered": 100.0, "percent_covered_display": "100", "missing_lines": 0, "excluded_lines": 0}, "missing_lines": [], "excluded_lines": []}, "tests/factory/__init__.py": {"executed_lines": [1], "summary": {"covered_lines": 0, "num_statements": 0, "percent_covered": 100.0, "percent_covered_display": "100", "missing_lines": 0, "excluded_lines": 0}, "missing_lines": [], "excluded_lines": []}, "tests/factory/test_tspbuilder.py": {"executed_lines": [2, 3, 5, 6, 7, 10, 11, 12, 14, 15, 17], "summary": {"covered_lines": 11, "num_statements": 11, "percent_covered": 100.0, "percent_covered_display": "100", "missing_lines": 0, "excluded_lines": 0}, "missing_lines": [], "excluded_lines": []}, "tests/inference/__init__.py": {"executed_lines": [1], "summary": {"covered_lines": 0, "num_statements": 0, "percent_covered": 100.0, "percent_covered_display": "100", "missing_lines": 0, "excluded_lines": 0}, "missing_lines": [], "excluded_lines": []}, "tests/inference/test_edsm.py": {"executed_lines": [1, 2], "summary": {"covered_lines": 2, "num_statements": 2, "percent_covered": 100.0, "percent_covered_display": "100", "missing_lines": 0, "excluded_lines": 0}, "missing_lines": [], "excluded_lines": []}, "tests/inference/test_partial_order_inference.py": {"executed_lines": [2, 3, 5, 6, 7, 8, 9, 10, 13, 14, 15, 18, 19, 20, 24, 25, 26, 27, 30, 31, 36, 39, 41, 42, 44], "summary": {"covered_lines": 25, "num_statements": 25, "percent_covered": 100.0, "percent_covered_display": "100", "missing_lines": 0, "excluded_lines": 0}, "missing_lines": [], "excluded_lines": []}, "tests/inference/test_timed_partial_order_inference.py": {"executed_lines": [1, 2, 4, 5, 6, 7, 8, 9, 10, 11, 14, 15, 16, 19, 20, 21, 25, 26, 27, 28, 31, 35, 36, 37, 40, 52, 54, 55, 57], "summary": {"covered_lines": 29, "num_statements": 29, "percent_covered": 100.0, "percent_covered_display": "100", "missing_lines": 0, "excluded_lines": 0}, "missing_lines": [], "excluded_lines": []}, "tests/specification/__init__.py": {"executed_lines": [1], "summary": {"covered_lines": 0, "num_statements": 0, "percent_covered": 100.0, "percent_covered_display": "100", "missing_lines": 0, "excluded_lines": 0}, "missing_lines": [], "excluded_lines": []}, "tests/specification/test_partial_order.py": {"executed_lines": [1, 2, 5, 6, 7, 10, 11, 12, 13, 14, 15, 16, 18, 19, 20], "summary": {"covered_lines": 15, "num_statements": 15, "percent_covered": 100.0, "percent_covered_display": "100", "missing_lines": 0, "excluded_lines": 0}, "missing_lines": [], "excluded_lines": []}, "tests/specification/test_timed_partial_order.py": {"executed_lines": [1, 2, 5, 6, 7, 10, 11, 12, 13, 14, 15, 16, 17, 18, 21, 22, 23, 24, 25, 28, 29, 30, 31, 32, 33, 34, 36, 37, 38, 39, 41, 42, 45, 46, 47, 48, 49, 50, 52, 55, 56], "summary": {"covered_lines": 41, "num_statements": 41, "percent_covered": 100.0, "percent_covered_display": "100", "missing_lines": 0, "excluded_lines": 0}, "missing_lines": [], "excluded_lines": []}, "tests/test_dataset.py": {"executed_lines": [1, 3, 5, 8, 10, 11, 13, 16, 19, 23, 29, 32, 33, 35, 36, 37, 38, 39, 40, 44, 49, 50, 51, 54, 56, 60, 61, 62, 64, 65, 68, 70, 73, 74, 77, 78, 79, 81, 82, 83], "summary": {"covered_lines": 40, "num_statements": 40, "percent_covered": 100.0, "percent_covered_display": "100", "missing_lines": 0, "excluded_lines": 0}, "missing_lines": [], "excluded_lines": []}, "tests/test_example.py": {"executed_lines": [2, 3, 6, 7], "summary": {"covered_lines": 4, "num_statements": 4, "percent_covered": 100.0, "percent_covered_display": "100", "missing_lines": 0, "excluded_lines": 0}, "missing_lines": [], "excluded_lines": []}, "tests/test_synthesis.py": {"executed_lines": [1, 2, 4, 5, 6, 8, 9, 10, 11, 12, 13, 14, 15, 16, 17, 18, 19, 20, 23, 40, 41, 42, 50, 56, 58, 59, 64, 65, 66, 72, 73, 76, 77, 80, 82, 86, 87, 92, 94, 97, 98, 99, 107, 113, 116, 117, 122, 123], "summary": {"covered_lines": 48, "num_statements": 56, "percent_covered": 85.71428571428571, "percent_covered_display": "86", "missing_lines": 8, "excluded_lines": 0}, "missing_lines": [24, 25, 27, 35, 36, 37, 83, 89], "excluded_lines": []}, "tests/tsp/__init__.py": {"executed_lines": [1], "summary": {"covered_lines": 0, "num_statements": 0, "percent_covered": 100.0, "percent_covered_display": "100", "missing_lines": 0, "excluded_lines": 0}, "missing_lines": [], "excluded_lines": []}, "tests/tsp/solver/__init__.py": {"executed_lines": [1], "summary": {"covered_lines": 0, "num_statements": 0, "percent_covered": 100.0, "percent_covered_display": "100", "missing_lines": 0, "excluded_lines": 0}, "missing_lines": [], "excluded_lines": []}, "tests/tsp/solver/test_milpsover.py": {"executed_lines": [1, 3, 4, 5, 6, 9, 11, 13, 20, 22, 24, 25, 26, 28, 29, 30, 31, 32, 34, 37, 38, 40, 41, 42, 43, 44, 45], "summary": {"covered_lines": 27, "num_statements": 27, "percent_covered": 100.0, "percent_covered_display": "100", "missing_lines": 0, "excluded_lines": 0}, "missing_lines": [], "excluded_lines": []}, "tests/tsp/solver/test_ortools.py": {"executed_lines": [1, 2, 4, 6, 7, 11, 12, 15, 17, 19, 26, 27, 28, 29, 30, 31, 34, 36, 38, 45, 47, 49, 50, 51, 53, 54, 55, 56, 57, 59, 62, 63, 64, 65, 66, 67, 68, 69, 72, 73, 74, 75, 76, 77, 78, 79, 82, 83, 84, 85, 87, 88, 89, 90, 92, 93, 94, 95, 103, 105, 106, 107], "summary": {"covered_lines": 62, "num_statements": 62, "percent_covered": 100.0, "percent_covered_display": "100", "missing_lines": 0, "excluded_lines": 0}, "missing_lines": [], "excluded_lines": []}, "tests/tsp/test_tsp.py": {"executed_lines": [1, 3, 4, 5, 8, 10, 12, 19, 20, 21, 22, 23, 24, 25, 28, 30, 32, 39, 41, 43, 44, 45, 47, 48, 49, 50, 51, 53, 54], "summary": {"covered_lines": 29, "num_statements": 29, "percent_covered": 100.0, "percent_covered_display": "100", "missing_lines": 0, "excluded_lines": 0}, "missing_lines": [], "excluded_lines": []}, "tests/wrapper/__init__.py": {"executed_lines": [1], "summary": {"covered_lines": 0, "num_statements": 0, "percent_covered": 100.0, "percent_covered_display": "100", "missing_lines": 0, "excluded_lines": 0}, "missing_lines": [], "excluded_lines": []}, "tests/wrapper/test_minigridwrapper.py": {"executed_lines": [1, 2, 5, 6, 8, 11, 12, 13, 14, 15, 18, 19, 20, 22, 23, 25, 27, 29, 37, 38, 39, 41, 42, 43, 44, 45], "summary": {"covered_lines": 26, "num_statements": 26, "percent_covered": 100.0, "percent_covered_display": "100", "missing_lines": 0, "excluded_lines": 0}, "missing_lines": [], "excluded_lines": []}}, "totals": {"covered_lines": 2488, "num_statements": 4669, "percent_covered": 53.28764189333904, "percent_covered_display": "53", "missing_lines": 2181, "excluded_lines": 0}}